<?xml version="1.0" encoding="utf-8"?><testsuites name="pytest tests"><testsuite name="pytest" errors="0" failures="1" skipped="0" tests="19" time="7.031" timestamp="2026-09-15T00:40:43.844198+00:00" hostname="agent-env-9ee89279-425b-40ee-920d-aa98d77ad4d6"><testcase classname="tests.test_iter9_i18n_sunnah_push" name="test_guest_auth_returns_token" time="0.287" /><testcase classname="tests.test_iter9_i18n_sunnah_push" name="test_sunnah_status_shape" time="0.181" /><testcase classname="tests.test_iter9_i18n_sunnah_push" name="test_sunnah_checkin_toggles" time="0.450" /><testcase classname="tests.test_iter9_i18n_sunnah_push" name="test_sunnah_checkin_supports_all_four_keys" time="0.386" /><testcase classname="tests.test_iter9_i18n_sunnah_push" name="test_sunnah_checkin_future_date_rejected" time="0.222" /><testcase classname="tests.test_iter9_i18n_sunnah_push" name="test_sunnah_checkin_invalid_key_rejected" time="0.209" /><testcase classname="tests.test_iter9_i18n_sunnah_push" name="test_sunnah_nudge_check_no_crash_when_reminders_off" time="0.185" /><testcase classname="tests.test_iter9_i18n_sunnah_push" name="test_sunnah_nudge_check_survives_placeholder_push_key" time="0.453" /><testcase classname="tests.test_iter9_i18n_sunnah_push" name="test_register_push_graceful_failure" time="0.151" /><testcase classname="tests.test_iter9_i18n_sunnah_push" name="test_settings_language_accepts_supported[id]" time="0.340" /><testcase classname="tests.test_iter9_i18n_sunnah_push" name="test_settings_language_accepts_supported[en]" time="0.337" /><testcase classname="tests.test_iter9_i18n_sunnah_push" name="test_settings_language_accepts_supported[ms]" time="0.264" /><testcase classname="tests.test_iter9_i18n_sunnah_push" name="test_settings_language_accepts_supported[ar]" time="0.262" /><testcase classname="tests.test_iter9_i18n_sunnah_push" name="test_settings_language_rejects_unsupported" time="0.311" /><testcase classname="tests.test_iter9_i18n_sunnah_push" name="test_prayers_regression" time="0.238" /><testcase classname="tests.test_iter9_i18n_sunnah_push" name="test_quran_list_regression" time="0.258" /><testcase classname="tests.test_iter9_i18n_sunnah_push" name="test_quran_surah_1_regression" time="1.347"><failure message="KeyError: 'verses'">backend/tests/test_iter9_i18n_sunnah_push.py:158: in test_quran_surah_1_regression
    assert data["verses"] and len(data["verses"]) &gt;= 7
           ^^^^^^^^^^^^^^
E   KeyError: 'verses'</failure></testcase><testcase classname="tests.test_iter9_i18n_sunnah_push" name="test_qibla_regression" time="0.289" /><testcase classname="tests.test_iter9_i18n_sunnah_push" name="test_alarms_regression_crud" time="0.502" /></testsuite></testsuites>