<?xml version="1.0" encoding="utf-8"?><testsuites name="pytest tests"><testsuite name="pytest" errors="0" failures="0" skipped="0" tests="15" time="4.654" timestamp="2026-09-14T14:41:14.068075+00:00" hostname="agent-env-e3374968-c8d1-4148-86de-fb09fbd18a05"><testcase classname="tests.test_api_core" name="test_health_ok" time="0.321" /><testcase classname="tests.test_api_core" name="test_auth_required_for_settings" time="0.188" /><testcase classname="tests.test_api_core" name="test_guest_login_and_me" time="0.206" /><testcase classname="tests.test_api_core" name="test_invalid_session_returns_401" time="0.151" /><testcase classname="tests.test_api_core" name="test_settings_save_and_get_persisted" time="0.397" /><testcase classname="tests.test_api_core" name="test_settings_are_isolated_per_user" time="0.340" /><testcase classname="tests.test_api_core" name="test_prayers_real_data_structure" time="0.123" /><testcase classname="tests.test_api_core" name="test_quran_list_114_surahs" time="0.136" /><testcase classname="tests.test_api_core" name="test_quran_invalid_surah_422" time="0.176" /><testcase classname="tests.test_api_core" name="test_invalid_coordinates_422" time="0.158" /><testcase classname="tests.test_api_core" name="test_qibla_jakarta_expected_range" time="0.136" /><testcase classname="tests.test_api_core" name="test_checkin_future_date_rejected" time="0.343" /><testcase classname="tests.test_api_core" name="test_checkin_duplicate_idempotent_and_undo" time="0.607" /><testcase classname="tests.test_api_core" name="test_progress_awan_unlocked_after_full_day" time="0.820" /><testcase classname="tests.test_api_core" name="test_mongodb_object_id_not_serialized_in_response" time="0.217" /></testsuite></testsuites>