<?xml version="1.0" encoding="utf-8"?><testsuites name="pytest tests"><testsuite name="pytest" errors="0" failures="0" skipped="0" tests="6" time="4.443" timestamp="2026-09-14T20:45:48.751917+00:00" hostname="agent-env-9306b460-5463-4638-a0e2-20b08a7825b2"><testcase classname="tests.test_iter8_profile_photo" name="test_settings_default_language_and_sunnah" time="0.461" /><testcase classname="tests.test_iter8_profile_photo" name="test_settings_update_language_and_sunnah" time="0.609" /><testcase classname="tests.test_iter8_profile_photo" name="test_settings_invalid_language_returns_422" time="0.494" /><testcase classname="tests.test_iter8_profile_photo" name="test_profile_rename_persists" time="0.464" /><testcase classname="tests.test_iter8_profile_photo" name="test_photo_upload_and_serve" time="1.550" /><testcase classname="tests.test_iter8_profile_photo" name="test_photo_upload_wrong_mime_returns_422" time="0.525" /></testsuite></testsuites>