<?xml version="1.0" encoding="utf-8"?><testsuites name="pytest tests"><testsuite name="pytest" errors="0" failures="0" skipped="0" tests="15" time="4.667" timestamp="2026-09-14T15:43:39.371477+00:00" hostname="agent-env-de877a50-7b36-42cb-95a2-c2bb6efe4a76"><testcase classname="tests.test_api_core" name="test_health_ok" time="0.327" /><testcase classname="tests.test_api_core" name="test_auth_required_for_settings" time="0.208" /><testcase classname="tests.test_api_core" name="test_guest_login_and_me" time="0.297" /><testcase classname="tests.test_api_core" name="test_invalid_session_returns_401" time="0.189" /><testcase classname="tests.test_api_core" name="test_settings_save_and_get_persisted" time="0.322" /><testcase classname="tests.test_api_core" name="test_settings_are_isolated_per_user" time="0.417" /><testcase classname="tests.test_api_core" name="test_prayers_real_data_structure" time="0.211" /><testcase classname="tests.test_api_core" name="test_quran_list_114_surahs" time="0.196" /><testcase classname="tests.test_api_core" name="test_quran_invalid_surah_422" time="0.187" /><testcase classname="tests.test_api_core" name="test_invalid_coordinates_422" time="0.143" /><testcase classname="tests.test_api_core" name="test_qibla_jakarta_expected_range" time="0.124" /><testcase classname="tests.test_api_core" name="test_checkin_future_date_rejected" time="0.316" /><testcase classname="tests.test_api_core" name="test_checkin_duplicate_idempotent_and_undo" time="0.577" /><testcase classname="tests.test_api_core" name="test_progress_awan_unlocked_after_full_day" time="0.580" /><testcase classname="tests.test_api_core" name="test_mongodb_object_id_not_serialized_in_response" time="0.250" /></testsuite></testsuites>