<?xml version="1.0" encoding="utf-8"?><testsuites name="pytest tests"><testsuite name="pytest" errors="0" failures="0" skipped="0" tests="9" time="3.733" timestamp="2026-09-15T01:59:03.061445+00:00" hostname="agent-env-9ee89279-425b-40ee-920d-aa98d77ad4d6"><testcase classname="tests.test_iter10_pro_trial_home" name="test_guest_auth_returns_session_token" time="0.254" /><testcase classname="tests.test_iter10_pro_trial_home" name="test_settings_defaults_include_new_fields" time="0.219" /><testcase classname="tests.test_iter10_pro_trial_home" name="test_pro_preview_activation_stamps_trial_and_ignores_client_value" time="0.289" /><testcase classname="tests.test_iter10_pro_trial_home" name="test_pro_preview_off_keeps_trial_started" time="0.548" /><testcase classname="tests.test_iter10_pro_trial_home" name="test_expired_trial_disables_pro_and_cannot_restart" time="0.592" /><testcase classname="tests.test_iter10_pro_trial_home" name="test_home_photo_persists" time="0.348" /><testcase classname="tests.test_iter10_pro_trial_home" name="test_regression_sunnah_status" time="0.238" /><testcase classname="tests.test_iter10_pro_trial_home" name="test_regression_sunnah_checkin_toggle" time="0.328" /><testcase classname="tests.test_iter10_pro_trial_home" name="test_regression_alarms_crud" time="0.543" /></testsuite></testsuites>