<?xml version="1.0" encoding="utf-8"?><testsuites name="pytest tests"><testsuite name="pytest" errors="0" failures="0" skipped="0" tests="13" time="6.603" timestamp="2026-09-14T17:24:01.055649+00:00" hostname="agent-env-76ac61f8-6b09-4e4f-bee0-d87e1ccc9371"><testcase classname="tests.test_iter7_alarms" name="test_guest_auth_returns_bearer_token" time="0.270" /><testcase classname="tests.test_iter7_alarms" name="test_list_alarms_empty_wrapper" time="0.354" /><testcase classname="tests.test_iter7_alarms" name="test_create_once_alarm_with_date" time="0.410" /><testcase classname="tests.test_iter7_alarms" name="test_create_daily_alarm" time="0.220" /><testcase classname="tests.test_iter7_alarms" name="test_create_weekly_alarm" time="0.246" /><testcase classname="tests.test_iter7_alarms" name="test_update_alarm_fields" time="0.435" /><testcase classname="tests.test_iter7_alarms" name="test_delete_alarm_soft_removes_from_list" time="0.559" /><testcase classname="tests.test_iter7_alarms" name="test_delete_unknown_returns_404" time="0.320" /><testcase classname="tests.test_iter7_alarms" name="test_once_without_date_422_string_detail" time="0.253" /><testcase classname="tests.test_iter7_alarms" name="test_weekly_empty_weekdays_422_string_detail" time="0.310" /><testcase classname="tests.test_iter7_alarms" name="test_bad_time_format_422" time="0.255" /><testcase classname="tests.test_iter7_alarms" name="test_alarms_are_per_user" time="0.740" /><testcase classname="tests.test_iter7_alarms" name="test_max_20_alarms_enforced" time="1.901" /></testsuite></testsuites>